<?xml version="1.0" encoding="utf-8"?><testsuites name="pytest tests"><testsuite name="pytest" errors="0" failures="0" skipped="0" tests="20" time="10.144" timestamp="2026-08-08T10:49:41.426477+00:00" hostname="agent-env-0975c626-c2d2-4aba-9eb6-7cefa68700b2"><testcase classname="tests.backend_test.TestSignupValidation" name="test_signup_invalid_flat" time="0.335" /><testcase classname="tests.backend_test.TestSignupValidation" name="test_signup_password_mismatch" time="0.087" /><testcase classname="tests.backend_test.TestSignupValidation" name="test_signup_duplicate_flat" time="1.142" /><testcase classname="tests.backend_test.TestSignupValidation" name="test_signup_duplicate_vehicle_variant" time="0.071" /><testcase classname="tests.backend_test.TestLoginMe" name="test_login_wrong_password" time="0.294" /><testcase classname="tests.backend_test.TestLoginMe" name="test_login_success" time="2.325" /><testcase classname="tests.backend_test.TestLoginMe" name="test_me_without_token" time="1.122" /><testcase classname="tests.backend_test.TestLoginMe" name="test_me_with_token" time="0.102" /><testcase classname="tests.backend_test.TestLoginMe" name="test_admin_is_admin" time="0.073" /><testcase classname="tests.backend_test.TestLoginMe" name="test_brute_force_lockout" time="3.698" /><testcase classname="tests.backend_test.TestVehicles" name="test_list_public_no_auth" time="0.073" /><testcase classname="tests.backend_test.TestVehicles" name="test_list_search_partial" time="0.086" /><testcase classname="tests.backend_test.TestVehicles" name="test_create_vehicle_no_auth" time="0.067" /><testcase classname="tests.backend_test.TestVehicles" name="test_create_vehicle_for_other_flat_forbidden" time="0.072" /><testcase classname="tests.backend_test.TestVehicles" name="test_create_guest_vehicle_allowed" time="0.070" /><testcase classname="tests.backend_test.TestVehicles" name="test_update_own_vehicle" time="0.074" /><testcase classname="tests.backend_test.TestVehicles" name="test_update_others_vehicle_forbidden" time="0.071" /><testcase classname="tests.backend_test.TestVehicles" name="test_admin_can_update_any" time="0.080" /><testcase classname="tests.backend_test.TestVehicles" name="test_delete_others_forbidden" time="0.078" /><testcase classname="tests.backend_test.TestVehicles" name="test_admin_can_delete" time="0.161" /></testsuite></testsuites>