<?xml version="1.0" encoding="utf-8"?><testsuites name="pytest tests"><testsuite name="pytest" errors="0" failures="0" skipped="0" tests="12" time="11.126" timestamp="2026-08-08T16:04:25.819756+00:00" hostname="agent-env-0975c626-c2d2-4aba-9eb6-7cefa68700b2"><testcase classname="tests.test_new_features.TestPhotoUpload" name="test_create_vehicle_with_photo" time="0.906" /><testcase classname="tests.test_new_features.TestPhotoUpload" name="test_photo_too_large_rejected" time="0.867" /><testcase classname="tests.test_new_features.TestPhotoUpload" name="test_photo_bad_prefix_rejected" time="0.878" /><testcase classname="tests.test_new_features.TestPhotoUpload" name="test_put_photo_empty_clears" time="1.061" /><testcase classname="tests.test_new_features.TestAdminUsers" name="test_list_users_requires_auth" time="0.072" /><testcase classname="tests.test_new_features.TestAdminUsers" name="test_list_users_forbidden_for_non_admin" time="1.248" /><testcase classname="tests.test_new_features.TestAdminUsers" name="test_list_users_admin_ok" time="1.529" /><testcase classname="tests.test_new_features.TestAdminUsers" name="test_delete_user_removes_user_and_vehicles" time="1.730" /><testcase classname="tests.test_new_features.TestAdminUsers" name="test_delete_admin_blocked" time="0.147" /><testcase classname="tests.test_new_features.TestAdminUsers" name="test_delete_missing_user_404" time="0.085" /><testcase classname="tests.test_new_features.TestRegressions" name="test_signup_login_flow" time="1.029" /><testcase classname="tests.test_new_features.TestRegressions" name="test_ownership_rule" time="1.496" /></testsuite></testsuites>